# JRE version: Java(TM) SE Runtime Environment (8.0_161-b12) (build 1.8.0_161-b12)
# Java VM: Java HotSpot(TM) 64-Bit Server VM (25.161-b12 mixed mode windows-amd64 compressed oops)
Heap:
 PSYoungGen      total 31232K, used 20378K [0x00000000d5b80000, 0x00000000d8980000, 0x0000000100000000)
  eden space 30720K, 65% used [0x00000000d5b80000,0x00000000d6f36ab8,0x00000000d7980000)
  from space 512K, 37% used [0x00000000d7a00000,0x00000000d7a30000,0x00000000d7a80000)
  to   space 8192K, 0% used [0x00000000d8180000,0x00000000d8180000,0x00000000d8980000)
 ParOldGen       total 87552K, used 45756K [0x0000000081200000, 0x0000000086780000, 0x00000000d5b80000)
  object space 87552K, 52% used [0x0000000081200000,0x0000000083eaf230,0x0000000086780000)
 Metaspace       used 11125K, capacity 11334K, committed 11648K, reserved 1058816K
  class space    used 1248K, capacity 1326K, committed 1408K, reserved 1048576K
GC Heap History (10 events):
Event: 6.687 GC heap before
{Heap before GC invocations=5 (full 0):
 PSYoungGen      total 38400K, used 36340K [0x00000000d5b80000, 0x00000000d8600000, 0x0000000100000000)
  eden space 33280K, 99% used [0x00000000d5b80000,0x00000000d7bbe038,0x00000000d7c00000)
  from space 5120K, 64% used [0x00000000d8100000,0x00000000d843f030,0x00000000d8600000)
  to   space 5120K, 0% used [0x00000000d7c00000,0x00000000d7c00000,0x00000000d8100000)
 ParOldGen       total 87552K, used 30457K [0x0000000081200000, 0x0000000086780000, 0x00000000d5b80000)
  object space 87552K, 34% used [0x0000000081200000,0x0000000082fbe520,0x0000000086780000)
 Metaspace       used 10898K, capacity 11134K, committed 11392K, reserved 1058816K
  class space    used 1248K, capacity 1326K, committed 1408K, reserved 1048576K
Event: 6.693 GC heap after
Heap after GC invocations=5 (full 0):
 PSYoungGen      total 37888K, used 3892K [0x00000000d5b80000, 0x00000000d8c80000, 0x0000000100000000)
  eden space 32768K, 0% used [0x00000000d5b80000,0x00000000d5b80000,0x00000000d7b80000)
  from space 5120K, 76% used [0x00000000d7c00000,0x00000000d7fcd050,0x00000000d8100000)
  to   space 8704K, 0% used [0x00000000d8400000,0x00000000d8400000,0x00000000d8c80000)
 ParOldGen       total 87552K, used 30465K [0x0000000081200000, 0x0000000086780000, 0x00000000d5b80000)
  object space 87552K, 34% used [0x0000000081200000,0x0000000082fc0520,0x0000000086780000)
 Metaspace       used 10898K, capacity 11134K, committed 11392K, reserved 1058816K
  class space    used 1248K, capacity 1326K, committed 1408K, reserved 1048576K
}
Event: 7.840 GC heap before
{Heap before GC invocations=6 (full 0):
 PSYoungGen      total 37888K, used 36660K [0x00000000d5b80000, 0x00000000d8c80000, 0x0000000100000000)
  eden space 32768K, 100% used [0x00000000d5b80000,0x00000000d7b80000,0x00000000d7b80000)
  from space 5120K, 76% used [0x00000000d7c00000,0x00000000d7fcd050,0x00000000d8100000)
  to   space 8704K, 0% used [0x00000000d8400000,0x00000000d8400000,0x00000000d8c80000)
 ParOldGen       total 87552K, used 39168K [0x0000000081200000, 0x0000000086780000, 0x00000000d5b80000)
  object space 87552K, 44% used [0x0000000081200000,0x00000000838403a0,0x0000000086780000)
 Metaspace       used 11008K, capacity 11206K, committed 11392K, reserved 1058816K
  class space    used 1248K, capacity 1326K, committed 1408K, reserved 1048576K
Event: 7.847 GC heap after
Heap after GC invocations=6 (full 0):
 PSYoungGen      total 40448K, used 1840K [0x00000000d5b80000, 0x00000000d8c00000, 0x0000000100000000)
  eden space 32256K, 0% used [0x00000000d5b80000,0x00000000d5b80000,0x00000000d7b00000)
  from space 8192K, 22% used [0x00000000d8400000,0x00000000d85cc010,0x00000000d8c00000)
  to   space 8704K, 0% used [0x00000000d7b00000,0x00000000d7b00000,0x00000000d8380000)
 ParOldGen       total 87552K, used 39176K [0x0000000081200000, 0x0000000086780000, 0x00000000d5b80000)
  object space 87552K, 44% used [0x0000000081200000,0x00000000838423a0,0x0000000086780000)
 Metaspace       used 11008K, capacity 11206K, committed 11392K, reserved 1058816K
  class space    used 1248K, capacity 1326K, committed 1408K, reserved 1048576K
}
Event: 8.740 GC heap before
{Heap before GC invocations=7 (full 0):
 PSYoungGen      total 40448K, used 34038K [0x00000000d5b80000, 0x00000000d8c00000, 0x0000000100000000)
  eden space 32256K, 99% used [0x00000000d5b80000,0x00000000d7af1ab8,0x00000000d7b00000)
  from space 8192K, 22% used [0x00000000d8400000,0x00000000d85cc010,0x00000000d8c00000)
  to   space 8704K, 0% used [0x00000000d7b00000,0x00000000d7b00000,0x00000000d8380000)
 ParOldGen       total 87552K, used 39176K [0x0000000081200000, 0x0000000086780000, 0x00000000d5b80000)
  object space 87552K, 44% used [0x0000000081200000,0x00000000838423a0,0x0000000086780000)
 Metaspace       used 11029K, capacity 11270K, committed 11392K, reserved 1058816K
  class space    used 1248K, capacity 1326K, committed 1408K, reserved 1048576K
Event: 8.743 GC heap after
Heap after GC invocations=7 (full 0):
 PSYoungGen      total 33280K, used 1488K [0x00000000d5b80000, 0x00000000d8b80000, 0x0000000100000000)
  eden space 31744K, 0% used [0x00000000d5b80000,0x00000000d5b80000,0x00000000d7a80000)
  from space 1536K, 96% used [0x00000000d7b00000,0x00000000d7c74020,0x00000000d7c80000)
  to   space 8704K, 0% used [0x00000000d8300000,0x00000000d8300000,0x00000000d8b80000)
 ParOldGen       total 87552K, used 40857K [0x0000000081200000, 0x0000000086780000, 0x00000000d5b80000)
  object space 87552K, 46% used [0x0000000081200000,0x00000000839e6410,0x0000000086780000)
 Metaspace       used 11029K, capacity 11270K, committed 11392K, reserved 1058816K
  class space    used 1248K, capacity 1326K, committed 1408K, reserved 1048576K
}
Event: 9.618 GC heap before
{Heap before GC invocations=8 (full 0):
 PSYoungGen      total 33280K, used 32971K [0x00000000d5b80000, 0x00000000d8b80000, 0x0000000100000000)
  eden space 31744K, 99% used [0x00000000d5b80000,0x00000000d7a3ee08,0x00000000d7a80000)
  from space 1536K, 96% used [0x00000000d7b00000,0x00000000d7c74020,0x00000000d7c80000)
  to   space 8704K, 0% used [0x00000000d8300000,0x00000000d8300000,0x00000000d8b80000)
 ParOldGen       total 87552K, used 41757K [0x0000000081200000, 0x0000000086780000, 0x00000000d5b80000)
  object space 87552K, 47% used [0x0000000081200000,0x0000000083ac7420,0x0000000086780000)
 Metaspace       used 11040K, capacity 11270K, committed 11392K, reserved 1058816K
  class space    used 1248K, capacity 1326K, committed 1408K, reserved 1048576K
Event: 9.622 GC heap after
Heap after GC invocations=8 (full 0):
 PSYoungGen      total 38400K, used 3888K [0x00000000d5b80000, 0x00000000d8a00000, 0x0000000100000000)
  eden space 31232K, 0% used [0x00000000d5b80000,0x00000000d5b80000,0x00000000d7a00000)
  from space 7168K, 54% used [0x00000000d8300000,0x00000000d86cc060,0x00000000d8a00000)
  to   space 8192K, 0% used [0x00000000d7a00000,0x00000000d7a00000,0x00000000d8200000)
 ParOldGen       total 87552K, used 41821K [0x0000000081200000, 0x0000000086780000, 0x00000000d5b80000)
  object space 87552K, 47% used [0x0000000081200000,0x0000000083ad7420,0x0000000086780000)
 Metaspace       used 11040K, capacity 11270K, committed 11392K, reserved 1058816K
  class space    used 1248K, capacity 1326K, committed 1408K, reserved 1048576K
}
Event: 10.568 GC heap before
{Heap before GC invocations=9 (full 0):
 PSYoungGen      total 38400K, used 35120K [0x00000000d5b80000, 0x00000000d8a00000, 0x0000000100000000)
  eden space 31232K, 100% used [0x00000000d5b80000,0x00000000d7a00000,0x00000000d7a00000)
  from space 7168K, 54% used [0x00000000d8300000,0x00000000d86cc060,0x00000000d8a00000)
  to   space 8192K, 0% used [0x00000000d7a00000,0x00000000d7a00000,0x00000000d8200000)
 ParOldGen       total 87552K, used 45724K [0x0000000081200000, 0x0000000086780000, 0x00000000d5b80000)
  object space 87552K, 52% used [0x0000000081200000,0x0000000083ea7230,0x0000000086780000)
 Metaspace       used 11084K, capacity 11270K, committed 11392K, reserved 1058816K
  class space    used 1248K, capacity 1326K, committed 1408K, reserved 1048576K
Event: 10.571 GC heap after
Heap after GC invocations=9 (full 0):
 PSYoungGen      total 31232K, used 192K [0x00000000d5b80000, 0x00000000d8980000, 0x0000000100000000)
  eden space 30720K, 0% used [0x00000000d5b80000,0x00000000d5b80000,0x00000000d7980000)
  from space 512K, 37% used [0x00000000d7a00000,0x00000000d7a30000,0x00000000d7a80000)
  to   space 8192K, 0% used [0x00000000d8180000,0x00000000d8180000,0x00000000d8980000)
 ParOldGen       total 87552K, used 45756K [0x0000000081200000, 0x0000000086780000, 0x00000000d5b80000)
  object space 87552K, 52% used [0x0000000081200000,0x0000000083eaf230,0x0000000086780000)
 Metaspace       used 11084K, capacity 11270K, committed 11392K, reserved 1058816K
  class space    used 1248K, capacity 1326K, committed 1408K, reserved 1048576K
}

