# JRE version: Java(TM) SE Runtime Environment (8.0_161-b12) (build 1.8.0_161-b12)
# Java VM: Java HotSpot(TM) 64-Bit Server VM (25.161-b12 mixed mode windows-amd64 compressed oops)
Heap:
 PSYoungGen      total 40960K, used 5204K [0x00000000d5b80000, 0x00000000d9880000, 0x0000000100000000)
  eden space 32256K, 15% used [0x00000000d5b80000,0x00000000d60753b8,0x00000000d7b00000)
  from space 8704K, 1% used [0x00000000d7b00000,0x00000000d7b20000,0x00000000d8380000)
  to   space 9216K, 0% used [0x00000000d8f80000,0x00000000d8f80000,0x00000000d9880000)
 ParOldGen       total 83968K, used 36708K [0x0000000081200000, 0x0000000086400000, 0x00000000d5b80000)
  object space 83968K, 43% used [0x0000000081200000,0x00000000835d9098,0x0000000086400000)
 Metaspace       used 11000K, capacity 11174K, committed 11392K, reserved 1058816K
  class space    used 1239K, capacity 1294K, committed 1408K, reserved 1048576K
GC Heap History (10 events):
Event: 6.287 GC heap before
{Heap before GC invocations=4 (full 0):
 PSYoungGen      total 38400K, used 37476K [0x00000000d5b80000, 0x00000000d8600000, 0x0000000100000000)
  eden space 33280K, 100% used [0x00000000d5b80000,0x00000000d7c00000,0x00000000d7c00000)
  from space 5120K, 81% used [0x00000000d7c00000,0x00000000d8019040,0x00000000d8100000)
  to   space 5120K, 0% used [0x00000000d8100000,0x00000000d8100000,0x00000000d8600000)
 ParOldGen       total 87552K, used 49214K [0x0000000081200000, 0x0000000086780000, 0x00000000d5b80000)
  object space 87552K, 56% used [0x0000000081200000,0x000000008420fb88,0x0000000086780000)
 Metaspace       used 10781K, capacity 10974K, committed 11136K, reserved 1058816K
  class space    used 1239K, capacity 1294K, committed 1408K, reserved 1048576K
Event: 6.294 GC heap after
Heap after GC invocations=4 (full 0):
 PSYoungGen      total 38400K, used 2144K [0x00000000d5b80000, 0x00000000d8600000, 0x0000000100000000)
  eden space 33280K, 0% used [0x00000000d5b80000,0x00000000d5b80000,0x00000000d7c00000)
  from space 5120K, 41% used [0x00000000d8100000,0x00000000d8318020,0x00000000d8600000)
  to   space 5120K, 0% used [0x00000000d7c00000,0x00000000d7c00000,0x00000000d8100000)
 ParOldGen       total 87552K, used 49222K [0x0000000081200000, 0x0000000086780000, 0x00000000d5b80000)
  object space 87552K, 56% used [0x0000000081200000,0x0000000084211b88,0x0000000086780000)
 Metaspace       used 10781K, capacity 10974K, committed 11136K, reserved 1058816K
  class space    used 1239K, capacity 1294K, committed 1408K, reserved 1048576K
}
Event: 7.345 GC heap before
{Heap before GC invocations=5 (full 0):
 PSYoungGen      total 38400K, used 35339K [0x00000000d5b80000, 0x00000000d8600000, 0x0000000100000000)
  eden space 33280K, 99% used [0x00000000d5b80000,0x00000000d7beafa8,0x00000000d7c00000)
  from space 5120K, 41% used [0x00000000d8100000,0x00000000d8318020,0x00000000d8600000)
  to   space 5120K, 0% used [0x00000000d7c00000,0x00000000d7c00000,0x00000000d8100000)
 ParOldGen       total 87552K, used 72095K [0x0000000081200000, 0x0000000086780000, 0x00000000d5b80000)
  object space 87552K, 82% used [0x0000000081200000,0x0000000085867e48,0x0000000086780000)
 Metaspace       used 10862K, capacity 11046K, committed 11392K, reserved 1058816K
  class space    used 1239K, capacity 1294K, committed 1408K, reserved 1048576K
Event: 7.348 GC heap after
Heap after GC invocations=5 (full 0):
 PSYoungGen      total 37888K, used 4212K [0x00000000d5b80000, 0x00000000d8c80000, 0x0000000100000000)
  eden space 32768K, 0% used [0x00000000d5b80000,0x00000000d5b80000,0x00000000d7b80000)
  from space 5120K, 82% used [0x00000000d7c00000,0x00000000d801d050,0x00000000d8100000)
  to   space 8704K, 0% used [0x00000000d8400000,0x00000000d8400000,0x00000000d8c80000)
 ParOldGen       total 87552K, used 72103K [0x0000000081200000, 0x0000000086780000, 0x00000000d5b80000)
  object space 87552K, 82% used [0x0000000081200000,0x0000000085869e48,0x0000000086780000)
 Metaspace       used 10862K, capacity 11046K, committed 11392K, reserved 1058816K
  class space    used 1239K, capacity 1294K, committed 1408K, reserved 1048576K
}
Event: 8.572 GC heap before
{Heap before GC invocations=6 (full 0):
 PSYoungGen      total 37888K, used 36980K [0x00000000d5b80000, 0x00000000d8c80000, 0x0000000100000000)
  eden space 32768K, 100% used [0x00000000d5b80000,0x00000000d7b80000,0x00000000d7b80000)
  from space 5120K, 82% used [0x00000000d7c00000,0x00000000d801d050,0x00000000d8100000)
  to   space 8704K, 0% used [0x00000000d8400000,0x00000000d8400000,0x00000000d8c80000)
 ParOldGen       total 87552K, used 83205K [0x0000000081200000, 0x0000000086780000, 0x00000000d5b80000)
  object space 87552K, 95% used [0x0000000081200000,0x0000000086341538,0x0000000086780000)
 Metaspace       used 10961K, capacity 11174K, committed 11392K, reserved 1058816K
  class space    used 1239K, capacity 1294K, committed 1408K, reserved 1048576K
Event: 8.579 GC heap after
Heap after GC invocations=6 (full 0):
 PSYoungGen      total 40448K, used 2128K [0x00000000d5b80000, 0x00000000d8c00000, 0x0000000100000000)
  eden space 32256K, 0% used [0x00000000d5b80000,0x00000000d5b80000,0x00000000d7b00000)
  from space 8192K, 25% used [0x00000000d8400000,0x00000000d8614030,0x00000000d8c00000)
  to   space 8704K, 0% used [0x00000000d7b00000,0x00000000d7b00000,0x00000000d8380000)
 ParOldGen       total 87552K, used 83213K [0x0000000081200000, 0x0000000086780000, 0x00000000d5b80000)
  object space 87552K, 95% used [0x0000000081200000,0x0000000086343538,0x0000000086780000)
 Metaspace       used 10961K, capacity 11174K, committed 11392K, reserved 1058816K
  class space    used 1239K, capacity 1294K, committed 1408K, reserved 1048576K
}
Event: 9.492 GC heap before
{Heap before GC invocations=7 (full 1):
 PSYoungGen      total 40448K, used 34384K [0x00000000d5b80000, 0x00000000d8c00000, 0x0000000100000000)
  eden space 32256K, 100% used [0x00000000d5b80000,0x00000000d7b00000,0x00000000d7b00000)
  from space 8192K, 25% used [0x00000000d8400000,0x00000000d8614030,0x00000000d8c00000)
  to   space 8704K, 0% used [0x00000000d7b00000,0x00000000d7b00000,0x00000000d8380000)
 ParOldGen       total 87552K, used 84113K [0x0000000081200000, 0x0000000086780000, 0x00000000d5b80000)
  object space 87552K, 96% used [0x0000000081200000,0x0000000086424548,0x0000000086780000)
 Metaspace       used 10971K, capacity 11174K, committed 11392K, reserved 1058816K
  class space    used 1239K, capacity 1294K, committed 1408K, reserved 1048576K
Event: 9.566 GC heap after
Heap after GC invocations=7 (full 1):
 PSYoungGen      total 40448K, used 0K [0x00000000d5b80000, 0x00000000d8c00000, 0x0000000100000000)
  eden space 32256K, 0% used [0x00000000d5b80000,0x00000000d5b80000,0x00000000d7b00000)
  from space 8192K, 0% used [0x00000000d8400000,0x00000000d8400000,0x00000000d8c00000)
  to   space 8704K, 0% used [0x00000000d7b00000,0x00000000d7b00000,0x00000000d8380000)
 ParOldGen       total 83968K, used 26797K [0x0000000081200000, 0x0000000086400000, 0x00000000d5b80000)
  object space 83968K, 31% used [0x0000000081200000,0x0000000082c2b510,0x0000000086400000)
 Metaspace       used 10971K, capacity 11174K, committed 11392K, reserved 1058816K
  class space    used 1239K, capacity 1294K, committed 1408K, reserved 1048576K
}
Event: 10.749 GC heap before
{Heap before GC invocations=8 (full 1):
 PSYoungGen      total 40448K, used 32256K [0x00000000d5b80000, 0x00000000d8c00000, 0x0000000100000000)
  eden space 32256K, 100% used [0x00000000d5b80000,0x00000000d7b00000,0x00000000d7b00000)
  from space 8192K, 0% used [0x00000000d8400000,0x00000000d8400000,0x00000000d8c00000)
  to   space 8704K, 0% used [0x00000000d7b00000,0x00000000d7b00000,0x00000000d8380000)
 ParOldGen       total 83968K, used 36700K [0x0000000081200000, 0x0000000086400000, 0x00000000d5b80000)
  object space 83968K, 43% used [0x0000000081200000,0x00000000835d7098,0x0000000086400000)
 Metaspace       used 10990K, capacity 11174K, committed 11392K, reserved 1058816K
  class space    used 1239K, capacity 1294K, committed 1408K, reserved 1048576K
Event: 10.751 GC heap after
Heap after GC invocations=8 (full 1):
 PSYoungGen      total 40960K, used 128K [0x00000000d5b80000, 0x00000000d9880000, 0x0000000100000000)
  eden space 32256K, 0% used [0x00000000d5b80000,0x00000000d5b80000,0x00000000d7b00000)
  from space 8704K, 1% used [0x00000000d7b00000,0x00000000d7b20000,0x00000000d8380000)
  to   space 9216K, 0% used [0x00000000d8f80000,0x00000000d8f80000,0x00000000d9880000)
 ParOldGen       total 83968K, used 36708K [0x0000000081200000, 0x0000000086400000, 0x00000000d5b80000)
  object space 83968K, 43% used [0x0000000081200000,0x00000000835d9098,0x0000000086400000)
 Metaspace       used 10990K, capacity 11174K, committed 11392K, reserved 1058816K
  class space    used 1239K, capacity 1294K, committed 1408K, reserved 1048576K
}

