# JRE version: Java(TM) SE Runtime Environment (8.0_161-b12) (build 1.8.0_161-b12)
# Java VM: Java HotSpot(TM) 64-Bit Server VM (25.161-b12 mixed mode windows-amd64 compressed oops)
Heap:
 PSYoungGen      total 39424K, used 6232K [0x00000000d5b80000, 0x00000000d8c00000, 0x0000000100000000)
  eden space 30208K, 7% used [0x00000000d5b80000,0x00000000d5dda020,0x00000000d7900000)
  from space 9216K, 41% used [0x00000000d8300000,0x00000000d86bc060,0x00000000d8c00000)
  to   space 9728K, 0% used [0x00000000d7900000,0x00000000d7900000,0x00000000d8280000)
 ParOldGen       total 46080K, used 7034K [0x0000000081200000, 0x0000000083f00000, 0x00000000d5b80000)
  object space 46080K, 15% used [0x0000000081200000,0x00000000818deab0,0x0000000083f00000)
 Metaspace       used 11110K, capacity 11334K, committed 11648K, reserved 1058816K
  class space    used 1245K, capacity 1326K, committed 1408K, reserved 1048576K
GC Heap History (10 events):
Event: 8.093 GC heap before
{Heap before GC invocations=7 (full 0):
 PSYoungGen      total 41984K, used 39165K [0x00000000d5b80000, 0x00000000d8f00000, 0x0000000100000000)
  eden space 32256K, 100% used [0x00000000d5b80000,0x00000000d7b00000,0x00000000d7b00000)
  from space 9728K, 71% used [0x00000000d8580000,0x00000000d8c3f468,0x00000000d8f00000)
  to   space 10240K, 0% used [0x00000000d7b00000,0x00000000d7b00000,0x00000000d8500000)
 ParOldGen       total 87552K, used 53876K [0x0000000081200000, 0x0000000086780000, 0x00000000d5b80000)
  object space 87552K, 61% used [0x0000000081200000,0x000000008469d078,0x0000000086780000)
 Metaspace       used 10985K, capacity 11206K, committed 11392K, reserved 1058816K
  class space    used 1245K, capacity 1326K, committed 1408K, reserved 1048576K
Event: 8.104 GC heap after
Heap after GC invocations=7 (full 0):
 PSYoungGen      total 41984K, used 288K [0x00000000d5b80000, 0x00000000d8f80000, 0x0000000100000000)
  eden space 31744K, 0% used [0x00000000d5b80000,0x00000000d5b80000,0x00000000d7a80000)
  from space 10240K, 2% used [0x00000000d7b00000,0x00000000d7b48000,0x00000000d8500000)
  to   space 10752K, 0% used [0x00000000d8500000,0x00000000d8500000,0x00000000d8f80000)
 ParOldGen       total 87552K, used 59453K [0x0000000081200000, 0x0000000086780000, 0x00000000d5b80000)
  object space 87552K, 67% used [0x0000000081200000,0x0000000084c0f510,0x0000000086780000)
 Metaspace       used 10985K, capacity 11206K, committed 11392K, reserved 1058816K
  class space    used 1245K, capacity 1326K, committed 1408K, reserved 1048576K
}
Event: 9.012 GC heap before
{Heap before GC invocations=8 (full 0):
 PSYoungGen      total 41984K, used 31797K [0x00000000d5b80000, 0x00000000d8f80000, 0x0000000100000000)
  eden space 31744K, 99% used [0x00000000d5b80000,0x00000000d7a45598,0x00000000d7a80000)
  from space 10240K, 2% used [0x00000000d7b00000,0x00000000d7b48000,0x00000000d8500000)
  to   space 10752K, 0% used [0x00000000d8500000,0x00000000d8500000,0x00000000d8f80000)
 ParOldGen       total 87552K, used 59453K [0x0000000081200000, 0x0000000086780000, 0x00000000d5b80000)
  object space 87552K, 67% used [0x0000000081200000,0x0000000084c0f510,0x0000000086780000)
 Metaspace       used 11005K, capacity 11206K, committed 11392K, reserved 1058816K
  class space    used 1245K, capacity 1326K, committed 1408K, reserved 1048576K
Event: 9.015 GC heap after
Heap after GC invocations=8 (full 0):
 PSYoungGen      total 40448K, used 3888K [0x00000000d5b80000, 0x00000000d8e00000, 0x0000000100000000)
  eden space 31232K, 0% used [0x00000000d5b80000,0x00000000d5b80000,0x00000000d7a00000)
  from space 9216K, 42% used [0x00000000d8500000,0x00000000d88cc060,0x00000000d8e00000)
  to   space 10240K, 0% used [0x00000000d7a00000,0x00000000d7a00000,0x00000000d8400000)
 ParOldGen       total 87552K, used 59493K [0x0000000081200000, 0x0000000086780000, 0x00000000d5b80000)
  object space 87552K, 67% used [0x0000000081200000,0x0000000084c19510,0x0000000086780000)
 Metaspace       used 11005K, capacity 11206K, committed 11392K, reserved 1058816K
  class space    used 1245K, capacity 1326K, committed 1408K, reserved 1048576K
}
Event: 9.802 GC heap before
{Heap before GC invocations=9 (full 0):
 PSYoungGen      total 40448K, used 35035K [0x00000000d5b80000, 0x00000000d8e00000, 0x0000000100000000)
  eden space 31232K, 99% used [0x00000000d5b80000,0x00000000d79ead70,0x00000000d7a00000)
  from space 9216K, 42% used [0x00000000d8500000,0x00000000d88cc060,0x00000000d8e00000)
  to   space 10240K, 0% used [0x00000000d7a00000,0x00000000d7a00000,0x00000000d8400000)
 ParOldGen       total 87552K, used 60393K [0x0000000081200000, 0x0000000086780000, 0x00000000d5b80000)
  object space 87552K, 68% used [0x0000000081200000,0x0000000084cfa520,0x0000000086780000)
 Metaspace       used 11064K, capacity 11270K, committed 11392K, reserved 1058816K
  class space    used 1245K, capacity 1326K, committed 1408K, reserved 1048576K
Event: 9.804 GC heap after
Heap after GC invocations=9 (full 0):
 PSYoungGen      total 35840K, used 4788K [0x00000000d5b80000, 0x00000000d8c80000, 0x0000000100000000)
  eden space 30720K, 0% used [0x00000000d5b80000,0x00000000d5b80000,0x00000000d7980000)
  from space 5120K, 93% used [0x00000000d7a00000,0x00000000d7ead070,0x00000000d7f00000)
  to   space 9728K, 0% used [0x00000000d8300000,0x00000000d8300000,0x00000000d8c80000)
 ParOldGen       total 87552K, used 60425K [0x0000000081200000, 0x0000000086780000, 0x00000000d5b80000)
  object space 87552K, 69% used [0x0000000081200000,0x0000000084d02520,0x0000000086780000)
 Metaspace       used 11064K, capacity 11270K, committed 11392K, reserved 1058816K
  class space    used 1245K, capacity 1326K, committed 1408K, reserved 1048576K
}
Event: 11.599 GC heap before
{Heap before GC invocations=10 (full 1):
 PSYoungGen      total 35840K, used 35508K [0x00000000d5b80000, 0x00000000d8c80000, 0x0000000100000000)
  eden space 30720K, 100% used [0x00000000d5b80000,0x00000000d7980000,0x00000000d7980000)
  from space 5120K, 93% used [0x00000000d7a00000,0x00000000d7ead070,0x00000000d7f00000)
  to   space 9728K, 0% used [0x00000000d8300000,0x00000000d8300000,0x00000000d8c80000)
 ParOldGen       total 95744K, used 95226K [0x0000000081200000, 0x0000000086f80000, 0x00000000d5b80000)
  object space 95744K, 99% used [0x0000000081200000,0x0000000086efe9b0,0x0000000086f80000)
 Metaspace       used 11093K, capacity 11334K, committed 11648K, reserved 1058816K
  class space    used 1245K, capacity 1326K, committed 1408K, reserved 1048576K
Event: 11.630 GC heap after
Heap after GC invocations=10 (full 1):
 PSYoungGen      total 35840K, used 0K [0x00000000d5b80000, 0x00000000d8c80000, 0x0000000100000000)
  eden space 30720K, 0% used [0x00000000d5b80000,0x00000000d5b80000,0x00000000d7980000)
  from space 5120K, 0% used [0x00000000d7a00000,0x00000000d7a00000,0x00000000d7f00000)
  to   space 9728K, 0% used [0x00000000d8300000,0x00000000d8300000,0x00000000d8c80000)
 ParOldGen       total 46080K, used 7034K [0x0000000081200000, 0x0000000083f00000, 0x00000000d5b80000)
  object space 46080K, 15% used [0x0000000081200000,0x00000000818deab0,0x0000000083f00000)
 Metaspace       used 11093K, capacity 11334K, committed 11648K, reserved 1058816K
  class space    used 1245K, capacity 1326K, committed 1408K, reserved 1048576K
}
Event: 12.467 GC heap before
{Heap before GC invocations=11 (full 1):
 PSYoungGen      total 35840K, used 29821K [0x00000000d5b80000, 0x00000000d8c80000, 0x0000000100000000)
  eden space 30720K, 97% used [0x00000000d5b80000,0x00000000d789f768,0x00000000d7980000)
  from space 5120K, 0% used [0x00000000d7a00000,0x00000000d7a00000,0x00000000d7f00000)
  to   space 9728K, 0% used [0x00000000d8300000,0x00000000d8300000,0x00000000d8c80000)
 ParOldGen       total 46080K, used 7034K [0x0000000081200000, 0x0000000083f00000, 0x00000000d5b80000)
  object space 46080K, 15% used [0x0000000081200000,0x00000000818deab0,0x0000000083f00000)
 Metaspace       used 11110K, capacity 11334K, committed 11648K, reserved 1058816K
  class space    used 1245K, capacity 1326K, committed 1408K, reserved 1048576K
Event: 12.469 GC heap after
Heap after GC invocations=11 (full 1):
 PSYoungGen      total 39424K, used 3824K [0x00000000d5b80000, 0x00000000d8c00000, 0x0000000100000000)
  eden space 30208K, 0% used [0x00000000d5b80000,0x00000000d5b80000,0x00000000d7900000)
  from space 9216K, 41% used [0x00000000d8300000,0x00000000d86bc060,0x00000000d8c00000)
  to   space 9728K, 0% used [0x00000000d7900000,0x00000000d7900000,0x00000000d8280000)
 ParOldGen       total 46080K, used 7034K [0x0000000081200000, 0x0000000083f00000, 0x00000000d5b80000)
  object space 46080K, 15% used [0x0000000081200000,0x00000000818deab0,0x0000000083f00000)
 Metaspace       used 11110K, capacity 11334K, committed 11648K, reserved 1058816K
  class space    used 1245K, capacity 1326K, committed 1408K, reserved 1048576K
}

