# JRE version: Java(TM) SE Runtime Environment (8.0_111-b14) (build 1.8.0_111-b14)
# Java VM: Java HotSpot(TM) 64-Bit Server VM (25.111-b14 mixed mode linux-amd64 compressed oops)
Heap:
 PSYoungGen      total 25600K, used 69K [0x00000000d7000000, 0x00000000d8f00000, 0x0000000100000000)
  eden space 20480K, 0% used [0x00000000d7000000,0x00000000d70016e8,0x00000000d8400000)
  from space 5120K, 1% used [0x00000000d8a00000,0x00000000d8a10000,0x00000000d8f00000)
  to   space 5632K, 0% used [0x00000000d8400000,0x00000000d8400000,0x00000000d8980000)
 ParOldGen       total 157696K, used 157438K [0x0000000085000000, 0x000000008ea00000, 0x00000000d7000000)
  object space 157696K, 99% used [0x0000000085000000,0x000000008e9bf9c0,0x000000008ea00000)
 Metaspace       used 12609K, capacity 12806K, committed 13184K, reserved 1060864K
  class space    used 1315K, capacity 1384K, committed 1408K, reserved 1048576K
GC Heap History (10 events):
Event: 3515.926 GC heap before
{Heap before GC invocations=4795 (full 89):
 PSYoungGen      total 23552K, used 22962K [0x00000000d7000000, 0x00000000d9180000, 0x0000000100000000)
  eden space 23040K, 99% used [0x00000000d7000000,0x00000000d8654a60,0x00000000d8680000)
  from space 512K, 18% used [0x00000000d8700000,0x00000000d8718000,0x00000000d8780000)
  to   space 5632K, 0% used [0x00000000d8c00000,0x00000000d8c00000,0x00000000d9180000)
 ParOldGen       total 139264K, used 139060K [0x0000000085000000, 0x000000008d800000, 0x00000000d7000000)
  object space 139264K, 99% used [0x0000000085000000,0x000000008d7cd118,0x000000008d800000)
 Metaspace       used 12609K, capacity 12806K, committed 13184K, reserved 1060864K
  class space    used 1315K, capacity 1384K, committed 1408K, reserved 1048576K
Event: 3515.933 GC heap after
Heap after GC invocations=4795 (full 89):
 PSYoungGen      total 27648K, used 3128K [0x00000000d7000000, 0x00000000d9100000, 0x0000000100000000)
  eden space 22528K, 0% used [0x00000000d7000000,0x00000000d7000000,0x00000000d8600000)
  from space 5120K, 61% used [0x00000000d8c00000,0x00000000d8f0e040,0x00000000d9100000)
  to   space 5632K, 0% used [0x00000000d8600000,0x00000000d8600000,0x00000000d8b80000)
 ParOldGen       total 139264K, used 139076K [0x0000000085000000, 0x000000008d800000, 0x00000000d7000000)
  object space 139264K, 99% used [0x0000000085000000,0x000000008d7d1118,0x000000008d800000)
 Metaspace       used 12609K, capacity 12806K, committed 13184K, reserved 1060864K
  class space    used 1315K, capacity 1384K, committed 1408K, reserved 1048576K
}
Event: 3517.114 GC heap before
{Heap before GC invocations=4796 (full 89):
 PSYoungGen      total 27648K, used 25656K [0x00000000d7000000, 0x00000000d9100000, 0x0000000100000000)
  eden space 22528K, 100% used [0x00000000d7000000,0x00000000d8600000,0x00000000d8600000)
  from space 5120K, 61% used [0x00000000d8c00000,0x00000000d8f0e040,0x00000000d9100000)
  to   space 5632K, 0% used [0x00000000d8600000,0x00000000d8600000,0x00000000d8b80000)
 ParOldGen       total 140288K, used 139976K [0x0000000085000000, 0x000000008d900000, 0x00000000d7000000)
  object space 140288K, 99% used [0x0000000085000000,0x000000008d8b2128,0x000000008d900000)
 Metaspace       used 12609K, capacity 12806K, committed 13184K, reserved 1060864K
  class space    used 1315K, capacity 1384K, committed 1408K, reserved 1048576K
Event: 3517.122 GC heap after
Heap after GC invocations=4796 (full 89):
 PSYoungGen      total 24576K, used 2496K [0x00000000d7000000, 0x00000000d9080000, 0x0000000100000000)
  eden space 22016K, 0% used [0x00000000d7000000,0x00000000d7000000,0x00000000d8580000)
  from space 2560K, 97% used [0x00000000d8600000,0x00000000d8870040,0x00000000d8880000)
  to   space 5632K, 0% used [0x00000000d8b00000,0x00000000d8b00000,0x00000000d9080000)
 ParOldGen       total 140288K, used 139992K [0x0000000085000000, 0x000000008d900000, 0x00000000d7000000)
  object space 140288K, 99% used [0x0000000085000000,0x000000008d8b6128,0x000000008d900000)
 Metaspace       used 12609K, capacity 12806K, committed 13184K, reserved 1060864K
  class space    used 1315K, capacity 1384K, committed 1408K, reserved 1048576K
}
Event: 3519.110 GC heap before
{Heap before GC invocations=4797 (full 89):
 PSYoungGen      total 24576K, used 24512K [0x00000000d7000000, 0x00000000d9080000, 0x0000000100000000)
  eden space 22016K, 100% used [0x00000000d7000000,0x00000000d8580000,0x00000000d8580000)
  from space 2560K, 97% used [0x00000000d8600000,0x00000000d8870040,0x00000000d8880000)
  to   space 5632K, 0% used [0x00000000d8b00000,0x00000000d8b00000,0x00000000d9080000)
 ParOldGen       total 153600K, used 153495K [0x0000000085000000, 0x000000008e600000, 0x00000000d7000000)
  object space 153600K, 99% used [0x0000000085000000,0x000000008e5e5c70,0x000000008e600000)
 Metaspace       used 12609K, capacity 12806K, committed 13184K, reserved 1060864K
  class space    used 1315K, capacity 1384K, committed 1408K, reserved 1048576K
Event: 3519.115 GC heap after
Heap after GC invocations=4797 (full 89):
 PSYoungGen      total 26624K, used 96K [0x00000000d7000000, 0x00000000d9000000, 0x0000000100000000)
  eden space 21504K, 0% used [0x00000000d7000000,0x00000000d7000000,0x00000000d8500000)
  from space 5120K, 1% used [0x00000000d8b00000,0x00000000d8b18000,0x00000000d9000000)
  to   space 5632K, 0% used [0x00000000d8500000,0x00000000d8500000,0x00000000d8a80000)
 ParOldGen       total 153600K, used 153511K [0x0000000085000000, 0x000000008e600000, 0x00000000d7000000)
  object space 153600K, 99% used [0x0000000085000000,0x000000008e5e9c70,0x000000008e600000)
 Metaspace       used 12609K, capacity 12806K, committed 13184K, reserved 1060864K
  class space    used 1315K, capacity 1384K, committed 1408K, reserved 1048576K
}
Event: 3520.351 GC heap before
{Heap before GC invocations=4798 (full 89):
 PSYoungGen      total 26624K, used 21383K [0x00000000d7000000, 0x00000000d9000000, 0x0000000100000000)
  eden space 21504K, 98% used [0x00000000d7000000,0x00000000d84c9ef0,0x00000000d8500000)
  from space 5120K, 1% used [0x00000000d8b00000,0x00000000d8b18000,0x00000000d9000000)
  to   space 5632K, 0% used [0x00000000d8500000,0x00000000d8500000,0x00000000d8a80000)
 ParOldGen       total 154112K, used 153811K [0x0000000085000000, 0x000000008e680000, 0x00000000d7000000)
  object space 154112K, 99% used [0x0000000085000000,0x000000008e634c80,0x000000008e680000)
 Metaspace       used 12609K, capacity 12806K, committed 13184K, reserved 1060864K
  class space    used 1315K, capacity 1384K, committed 1408K, reserved 1048576K
Event: 3520.356 GC heap after
Heap after GC invocations=4798 (full 89):
 PSYoungGen      total 23552K, used 2228K [0x00000000d7000000, 0x00000000d8f80000, 0x0000000100000000)
  eden space 20992K, 0% used [0x00000000d7000000,0x00000000d7000000,0x00000000d8480000)
  from space 2560K, 87% used [0x00000000d8500000,0x00000000d872d030,0x00000000d8780000)
  to   space 5632K, 0% used [0x00000000d8a00000,0x00000000d8a00000,0x00000000d8f80000)
 ParOldGen       total 154112K, used 153827K [0x0000000085000000, 0x000000008e680000, 0x00000000d7000000)
  object space 154112K, 99% used [0x0000000085000000,0x000000008e638c80,0x000000008e680000)
 Metaspace       used 12609K, capacity 12806K, committed 13184K, reserved 1060864K
  class space    used 1315K, capacity 1384K, committed 1408K, reserved 1048576K
}
Event: 3521.620 GC heap before
{Heap before GC invocations=4799 (full 89):
 PSYoungGen      total 23552K, used 23220K [0x00000000d7000000, 0x00000000d8f80000, 0x0000000100000000)
  eden space 20992K, 100% used [0x00000000d7000000,0x00000000d8480000,0x00000000d8480000)
  from space 2560K, 87% used [0x00000000d8500000,0x00000000d872d030,0x00000000d8780000)
  to   space 5632K, 0% used [0x00000000d8a00000,0x00000000d8a00000,0x00000000d8f80000)
 ParOldGen       total 157696K, used 157430K [0x0000000085000000, 0x000000008ea00000, 0x00000000d7000000)
  object space 157696K, 99% used [0x0000000085000000,0x000000008e9bd9c0,0x000000008ea00000)
 Metaspace       used 12609K, capacity 12806K, committed 13184K, reserved 1060864K
  class space    used 1315K, capacity 1384K, committed 1408K, reserved 1048576K
Event: 3521.624 GC heap after
Heap after GC invocations=4799 (full 89):
 PSYoungGen      total 25600K, used 64K [0x00000000d7000000, 0x00000000d8f00000, 0x0000000100000000)
  eden space 20480K, 0% used [0x00000000d7000000,0x00000000d7000000,0x00000000d8400000)
  from space 5120K, 1% used [0x00000000d8a00000,0x00000000d8a10000,0x00000000d8f00000)
  to   space 5632K, 0% used [0x00000000d8400000,0x00000000d8400000,0x00000000d8980000)
 ParOldGen       total 157696K, used 157438K [0x0000000085000000, 0x000000008ea00000, 0x00000000d7000000)
  object space 157696K, 99% used [0x0000000085000000,0x000000008e9bf9c0,0x000000008ea00000)
 Metaspace       used 12609K, capacity 12806K, committed 13184K, reserved 1060864K
  class space    used 1315K, capacity 1384K, committed 1408K, reserved 1048576K
}

