# JRE version: Java(TM) SE Runtime Environment (8.0_111-b14) (build 1.8.0_111-b14)
# Java VM: Java HotSpot(TM) 64-Bit Server VM (25.111-b14 mixed mode linux-amd64 compressed oops)
Heap:
 PSYoungGen      total 38400K, used 360K [0x00000000d7000000, 0x00000000da600000, 0x0000000100000000)
  eden space 22528K, 0% used [0x00000000d7000000,0x00000000d7002068,0x00000000d8600000)
  from space 15872K, 2% used [0x00000000d8600000,0x00000000d8658000,0x00000000d9580000)
  to   space 16384K, 0% used [0x00000000d9600000,0x00000000d9600000,0x00000000da600000)
 ParOldGen       total 38400K, used 21528K [0x0000000085000000, 0x0000000087580000, 0x00000000d7000000)
  object space 38400K, 56% used [0x0000000085000000,0x00000000865060b0,0x0000000087580000)
 Metaspace       used 12400K, capacity 12598K, committed 12928K, reserved 1060864K
  class space    used 1292K, capacity 1358K, committed 1408K, reserved 1048576K
GC Heap History (10 events):
Event: 38.896 GC heap before
{Heap before GC invocations=58 (full 5):
 PSYoungGen      total 38400K, used 32355K [0x00000000d7000000, 0x00000000da680000, 0x0000000100000000)
  eden space 22528K, 98% used [0x00000000d7000000,0x00000000d8595f00,0x00000000d8600000)
  from space 15872K, 64% used [0x00000000d9600000,0x00000000da003050,0x00000000da580000)
  to   space 16384K, 0% used [0x00000000d8600000,0x00000000d8600000,0x00000000d9600000)
 ParOldGen       total 38400K, used 7116K [0x0000000085000000, 0x0000000087580000, 0x00000000d7000000)
  object space 38400K, 18% used [0x0000000085000000,0x00000000856f3290,0x0000000087580000)
 Metaspace       used 12394K, capacity 12598K, committed 12928K, reserved 1060864K
  class space    used 1292K, capacity 1358K, committed 1408K, reserved 1048576K
Event: 38.898 GC heap after
Heap after GC invocations=58 (full 5):
 PSYoungGen      total 38912K, used 9320K [0x00000000d7000000, 0x00000000da600000, 0x0000000100000000)
  eden space 22528K, 0% used [0x00000000d7000000,0x00000000d7000000,0x00000000d8600000)
  from space 16384K, 56% used [0x00000000d8600000,0x00000000d8f1a040,0x00000000d9600000)
  to   space 16384K, 0% used [0x00000000d9600000,0x00000000d9600000,0x00000000da600000)
 ParOldGen       total 38400K, used 7116K [0x0000000085000000, 0x0000000087580000, 0x00000000d7000000)
  object space 38400K, 18% used [0x0000000085000000,0x00000000856f3290,0x0000000087580000)
 Metaspace       used 12394K, capacity 12598K, committed 12928K, reserved 1060864K
  class space    used 1292K, capacity 1358K, committed 1408K, reserved 1048576K
}
Event: 39.308 GC heap before
{Heap before GC invocations=59 (full 5):
 PSYoungGen      total 38912K, used 31439K [0x00000000d7000000, 0x00000000da600000, 0x0000000100000000)
  eden space 22528K, 98% used [0x00000000d7000000,0x00000000d8599e50,0x00000000d8600000)
  from space 16384K, 56% used [0x00000000d8600000,0x00000000d8f1a040,0x00000000d9600000)
  to   space 16384K, 0% used [0x00000000d9600000,0x00000000d9600000,0x00000000da600000)
 ParOldGen       total 38400K, used 7116K [0x0000000085000000, 0x0000000087580000, 0x00000000d7000000)
  object space 38400K, 18% used [0x0000000085000000,0x00000000856f3290,0x0000000087580000)
 Metaspace       used 12394K, capacity 12598K, committed 12928K, reserved 1060864K
  class space    used 1292K, capacity 1358K, committed 1408K, reserved 1048576K
Event: 39.310 GC heap after
Heap after GC invocations=59 (full 5):
 PSYoungGen      total 37888K, used 9352K [0x00000000d7000000, 0x00000000da500000, 0x0000000100000000)
  eden space 22528K, 0% used [0x00000000d7000000,0x00000000d7000000,0x00000000d8600000)
  from space 15360K, 60% used [0x00000000d9600000,0x00000000d9f22040,0x00000000da500000)
  to   space 15872K, 0% used [0x00000000d8600000,0x00000000d8600000,0x00000000d9580000)
 ParOldGen       total 38400K, used 7116K [0x0000000085000000, 0x0000000087580000, 0x00000000d7000000)
  object space 38400K, 18% used [0x0000000085000000,0x00000000856f3290,0x0000000087580000)
 Metaspace       used 12394K, capacity 12598K, committed 12928K, reserved 1060864K
  class space    used 1292K, capacity 1358K, committed 1408K, reserved 1048576K
}
Event: 39.706 GC heap before
{Heap before GC invocations=60 (full 5):
 PSYoungGen      total 37888K, used 31440K [0x00000000d7000000, 0x00000000da500000, 0x0000000100000000)
  eden space 22528K, 98% used [0x00000000d7000000,0x00000000d8592240,0x00000000d8600000)
  from space 15360K, 60% used [0x00000000d9600000,0x00000000d9f22040,0x00000000da500000)
  to   space 15872K, 0% used [0x00000000d8600000,0x00000000d8600000,0x00000000d9580000)
 ParOldGen       total 38400K, used 7116K [0x0000000085000000, 0x0000000087580000, 0x00000000d7000000)
  object space 38400K, 18% used [0x0000000085000000,0x00000000856f3290,0x0000000087580000)
 Metaspace       used 12394K, capacity 12598K, committed 12928K, reserved 1060864K
  class space    used 1292K, capacity 1358K, committed 1408K, reserved 1048576K
Event: 39.708 GC heap after
Heap after GC invocations=60 (full 5):
 PSYoungGen      total 38400K, used 3920K [0x00000000d7000000, 0x00000000da500000, 0x0000000100000000)
  eden space 22528K, 0% used [0x00000000d7000000,0x00000000d7000000,0x00000000d8600000)
  from space 15872K, 24% used [0x00000000d8600000,0x00000000d89d4020,0x00000000d9580000)
  to   space 15872K, 0% used [0x00000000d9580000,0x00000000d9580000,0x00000000da500000)
 ParOldGen       total 38400K, used 7124K [0x0000000085000000, 0x0000000087580000, 0x00000000d7000000)
  object space 38400K, 18% used [0x0000000085000000,0x00000000856f5290,0x0000000087580000)
 Metaspace       used 12394K, capacity 12598K, committed 12928K, reserved 1060864K
  class space    used 1292K, capacity 1358K, committed 1408K, reserved 1048576K
}
Event: 40.090 GC heap before
{Heap before GC invocations=61 (full 5):
 PSYoungGen      total 38400K, used 26005K [0x00000000d7000000, 0x00000000da500000, 0x0000000100000000)
  eden space 22528K, 98% used [0x00000000d7000000,0x00000000d8591730,0x00000000d8600000)
  from space 15872K, 24% used [0x00000000d8600000,0x00000000d89d4020,0x00000000d9580000)
  to   space 15872K, 0% used [0x00000000d9580000,0x00000000d9580000,0x00000000da500000)
 ParOldGen       total 38400K, used 9824K [0x0000000085000000, 0x0000000087580000, 0x00000000d7000000)
  object space 38400K, 25% used [0x0000000085000000,0x00000000859982a0,0x0000000087580000)
 Metaspace       used 12394K, capacity 12598K, committed 12928K, reserved 1060864K
  class space    used 1292K, capacity 1358K, committed 1408K, reserved 1048576K
Event: 40.092 GC heap after
Heap after GC invocations=61 (full 5):
 PSYoungGen      total 38400K, used 9320K [0x00000000d7000000, 0x00000000da500000, 0x0000000100000000)
  eden space 22528K, 0% used [0x00000000d7000000,0x00000000d7000000,0x00000000d8600000)
  from space 15872K, 58% used [0x00000000d9580000,0x00000000d9e9a040,0x00000000da500000)
  to   space 15872K, 0% used [0x00000000d8600000,0x00000000d8600000,0x00000000d9580000)
 ParOldGen       total 38400K, used 9824K [0x0000000085000000, 0x0000000087580000, 0x00000000d7000000)
  object space 38400K, 25% used [0x0000000085000000,0x00000000859982a0,0x0000000087580000)
 Metaspace       used 12394K, capacity 12598K, committed 12928K, reserved 1060864K
  class space    used 1292K, capacity 1358K, committed 1408K, reserved 1048576K
}
Event: 40.767 GC heap before
{Heap before GC invocations=62 (full 5):
 PSYoungGen      total 38400K, used 31848K [0x00000000d7000000, 0x00000000da500000, 0x0000000100000000)
  eden space 22528K, 100% used [0x00000000d7000000,0x00000000d8600000,0x00000000d8600000)
  from space 15872K, 58% used [0x00000000d9580000,0x00000000d9e9a040,0x00000000da500000)
  to   space 15872K, 0% used [0x00000000d8600000,0x00000000d8600000,0x00000000d9580000)
 ParOldGen       total 38400K, used 21528K [0x0000000085000000, 0x0000000087580000, 0x00000000d7000000)
  object space 38400K, 56% used [0x0000000085000000,0x00000000865060b0,0x0000000087580000)
 Metaspace       used 12400K, capacity 12598K, committed 12928K, reserved 1060864K
  class space    used 1292K, capacity 1358K, committed 1408K, reserved 1048576K
Event: 40.770 GC heap after
Heap after GC invocations=62 (full 5):
 PSYoungGen      total 38400K, used 352K [0x00000000d7000000, 0x00000000da600000, 0x0000000100000000)
  eden space 22528K, 0% used [0x00000000d7000000,0x00000000d7000000,0x00000000d8600000)
  from space 15872K, 2% used [0x00000000d8600000,0x00000000d8658000,0x00000000d9580000)
  to   space 16384K, 0% used [0x00000000d9600000,0x00000000d9600000,0x00000000da600000)
 ParOldGen       total 38400K, used 21528K [0x0000000085000000, 0x0000000087580000, 0x00000000d7000000)
  object space 38400K, 56% used [0x0000000085000000,0x00000000865060b0,0x0000000087580000)
 Metaspace       used 12400K, capacity 12598K, committed 12928K, reserved 1060864K
  class space    used 1292K, capacity 1358K, committed 1408K, reserved 1048576K
}

