# JRE version: Java(TM) SE Runtime Environment (8.0_111-b14) (build 1.8.0_111-b14)
# Java VM: Java HotSpot(TM) 64-Bit Server VM (25.111-b14 mixed mode linux-amd64 compressed oops)
Heap:
 PSYoungGen      total 29184K, used 104K [0x00000000d7000000, 0x00000000d9200000, 0x0000000100000000)
  eden space 23552K, 0% used [0x00000000d7000000,0x00000000d7002318,0x00000000d8700000)
  from space 5632K, 1% used [0x00000000d8700000,0x00000000d8718000,0x00000000d8c80000)
  to   space 5632K, 0% used [0x00000000d8c80000,0x00000000d8c80000,0x00000000d9200000)
 ParOldGen       total 35328K, used 15826K [0x0000000085000000, 0x0000000087280000, 0x00000000d7000000)
  object space 35328K, 44% used [0x0000000085000000,0x0000000085f748b8,0x0000000087280000)
 Metaspace       used 12805K, capacity 12956K, committed 13184K, reserved 1060864K
  class space    used 1322K, capacity 1391K, committed 1408K, reserved 1048576K
GC Heap History (10 events):
Event: 1374.702 GC heap before
{Heap before GC invocations=3393 (full 157):
 PSYoungGen      total 29696K, used 27522K [0x00000000d7000000, 0x00000000d9300000, 0x0000000100000000)
  eden space 24576K, 99% used [0x00000000d7000000,0x00000000d87d29b0,0x00000000d8800000)
  from space 5120K, 61% used [0x00000000d8880000,0x00000000d8b8e040,0x00000000d8d80000)
  to   space 5632K, 0% used [0x00000000d8d80000,0x00000000d8d80000,0x00000000d9300000)
 ParOldGen       total 59392K, used 59126K [0x0000000085000000, 0x0000000088a00000, 0x00000000d7000000)
  object space 59392K, 99% used [0x0000000085000000,0x00000000889bdbe8,0x0000000088a00000)
 Metaspace       used 12805K, capacity 12956K, committed 13184K, reserved 1060864K
  class space    used 1322K, capacity 1391K, committed 1408K, reserved 1048576K
Event: 1374.703 GC heap after
Heap after GC invocations=3393 (full 157):
 PSYoungGen      total 29184K, used 3428K [0x00000000d7000000, 0x00000000d9280000, 0x0000000100000000)
  eden space 24064K, 0% used [0x00000000d7000000,0x00000000d7000000,0x00000000d8780000)
  from space 5120K, 66% used [0x00000000d8d80000,0x00000000d90d9050,0x00000000d9280000)
  to   space 5632K, 0% used [0x00000000d8780000,0x00000000d8780000,0x00000000d8d00000)
 ParOldGen       total 59392K, used 59142K [0x0000000085000000, 0x0000000088a00000, 0x00000000d7000000)
  object space 59392K, 99% used [0x0000000085000000,0x00000000889c1be8,0x0000000088a00000)
 Metaspace       used 12805K, capacity 12956K, committed 13184K, reserved 1060864K
  class space    used 1322K, capacity 1391K, committed 1408K, reserved 1048576K
}
Event: 1375.032 GC heap before
{Heap before GC invocations=3394 (full 157):
 PSYoungGen      total 29184K, used 27200K [0x00000000d7000000, 0x00000000d9280000, 0x0000000100000000)
  eden space 24064K, 98% used [0x00000000d7000000,0x00000000d8736ff8,0x00000000d8780000)
  from space 5120K, 66% used [0x00000000d8d80000,0x00000000d90d9050,0x00000000d9280000)
  to   space 5632K, 0% used [0x00000000d8780000,0x00000000d8780000,0x00000000d8d00000)
 ParOldGen       total 59392K, used 59142K [0x0000000085000000, 0x0000000088a00000, 0x00000000d7000000)
  object space 59392K, 99% used [0x0000000085000000,0x00000000889c1be8,0x0000000088a00000)
 Metaspace       used 12805K, capacity 12956K, committed 13184K, reserved 1060864K
  class space    used 1322K, capacity 1391K, committed 1408K, reserved 1048576K
Event: 1375.034 GC heap after
Heap after GC invocations=3394 (full 157):
 PSYoungGen      total 27136K, used 3128K [0x00000000d7000000, 0x00000000d9200000, 0x0000000100000000)
  eden space 23552K, 0% used [0x00000000d7000000,0x00000000d7000000,0x00000000d8700000)
  from space 3584K, 87% used [0x00000000d8780000,0x00000000d8a8e040,0x00000000d8b00000)
  to   space 5632K, 0% used [0x00000000d8c80000,0x00000000d8c80000,0x00000000d9200000)
 ParOldGen       total 59392K, used 59158K [0x0000000085000000, 0x0000000088a00000, 0x00000000d7000000)
  object space 59392K, 99% used [0x0000000085000000,0x00000000889c5be8,0x0000000088a00000)
 Metaspace       used 12805K, capacity 12956K, committed 13184K, reserved 1060864K
  class space    used 1322K, capacity 1391K, committed 1408K, reserved 1048576K
}
Event: 1375.034 GC heap before
{Heap before GC invocations=3395 (full 158):
 PSYoungGen      total 27136K, used 3128K [0x00000000d7000000, 0x00000000d9200000, 0x0000000100000000)
  eden space 23552K, 0% used [0x00000000d7000000,0x00000000d7000000,0x00000000d8700000)
  from space 3584K, 87% used [0x00000000d8780000,0x00000000d8a8e040,0x00000000d8b00000)
  to   space 5632K, 0% used [0x00000000d8c80000,0x00000000d8c80000,0x00000000d9200000)
 ParOldGen       total 59392K, used 59158K [0x0000000085000000, 0x0000000088a00000, 0x00000000d7000000)
  object space 59392K, 99% used [0x0000000085000000,0x00000000889c5be8,0x0000000088a00000)
 Metaspace       used 12805K, capacity 12956K, committed 13184K, reserved 1060864K
  class space    used 1322K, capacity 1391K, committed 1408K, reserved 1048576K
Event: 1375.044 GC heap after
Heap after GC invocations=3395 (full 158):
 PSYoungGen      total 27136K, used 0K [0x00000000d7000000, 0x00000000d9200000, 0x0000000100000000)
  eden space 23552K, 0% used [0x00000000d7000000,0x00000000d7000000,0x00000000d8700000)
  from space 3584K, 0% used [0x00000000d8780000,0x00000000d8780000,0x00000000d8b00000)
  to   space 5632K, 0% used [0x00000000d8c80000,0x00000000d8c80000,0x00000000d9200000)
 ParOldGen       total 35328K, used 3808K [0x0000000085000000, 0x0000000087280000, 0x00000000d7000000)
  object space 35328K, 10% used [0x0000000085000000,0x00000000853b8128,0x0000000087280000)
 Metaspace       used 12805K, capacity 12956K, committed 13184K, reserved 1060864K
  class space    used 1322K, capacity 1391K, committed 1408K, reserved 1048576K
}
Event: 1375.340 GC heap before
{Heap before GC invocations=3396 (full 158):
 PSYoungGen      total 27136K, used 23468K [0x00000000d7000000, 0x00000000d9200000, 0x0000000100000000)
  eden space 23552K, 99% used [0x00000000d7000000,0x00000000d86eb3a8,0x00000000d8700000)
  from space 3584K, 0% used [0x00000000d8780000,0x00000000d8780000,0x00000000d8b00000)
  to   space 5632K, 0% used [0x00000000d8c80000,0x00000000d8c80000,0x00000000d9200000)
 ParOldGen       total 35328K, used 4708K [0x0000000085000000, 0x0000000087280000, 0x00000000d7000000)
  object space 35328K, 13% used [0x0000000085000000,0x0000000085499138,0x0000000087280000)
 Metaspace       used 12805K, capacity 12956K, committed 13184K, reserved 1060864K
  class space    used 1322K, capacity 1391K, committed 1408K, reserved 1048576K
Event: 1375.341 GC heap after
Heap after GC invocations=3396 (full 158):
 PSYoungGen      total 29184K, used 3128K [0x00000000d7000000, 0x00000000d9200000, 0x0000000100000000)
  eden space 23552K, 0% used [0x00000000d7000000,0x00000000d7000000,0x00000000d8700000)
  from space 5632K, 55% used [0x00000000d8c80000,0x00000000d8f8e040,0x00000000d9200000)
  to   space 5632K, 0% used [0x00000000d8700000,0x00000000d8700000,0x00000000d8c80000)
 ParOldGen       total 35328K, used 4708K [0x0000000085000000, 0x0000000087280000, 0x00000000d7000000)
  object space 35328K, 13% used [0x0000000085000000,0x0000000085499138,0x0000000087280000)
 Metaspace       used 12805K, capacity 12956K, committed 13184K, reserved 1060864K
  class space    used 1322K, capacity 1391K, committed 1408K, reserved 1048576K
}
Event: 1375.837 GC heap before
{Heap before GC invocations=3397 (full 158):
 PSYoungGen      total 29184K, used 26680K [0x00000000d7000000, 0x00000000d9200000, 0x0000000100000000)
  eden space 23552K, 100% used [0x00000000d7000000,0x00000000d8700000,0x00000000d8700000)
  from space 5632K, 55% used [0x00000000d8c80000,0x00000000d8f8e040,0x00000000d9200000)
  to   space 5632K, 0% used [0x00000000d8700000,0x00000000d8700000,0x00000000d8c80000)
 ParOldGen       total 35328K, used 15810K [0x0000000085000000, 0x0000000087280000, 0x00000000d7000000)
  object space 35328K, 44% used [0x0000000085000000,0x0000000085f708b8,0x0000000087280000)
 Metaspace       used 12805K, capacity 12956K, committed 13184K, reserved 1060864K
  class space    used 1322K, capacity 1391K, committed 1408K, reserved 1048576K
Event: 1375.839 GC heap after
Heap after GC invocations=3397 (full 158):
 PSYoungGen      total 29184K, used 96K [0x00000000d7000000, 0x00000000d9200000, 0x0000000100000000)
  eden space 23552K, 0% used [0x00000000d7000000,0x00000000d7000000,0x00000000d8700000)
  from space 5632K, 1% used [0x00000000d8700000,0x00000000d8718000,0x00000000d8c80000)
  to   space 5632K, 0% used [0x00000000d8c80000,0x00000000d8c80000,0x00000000d9200000)
 ParOldGen       total 35328K, used 15826K [0x0000000085000000, 0x0000000087280000, 0x00000000d7000000)
  object space 35328K, 44% used [0x0000000085000000,0x0000000085f748b8,0x0000000087280000)
 Metaspace       used 12805K, capacity 12956K, committed 13184K, reserved 1060864K
  class space    used 1322K, capacity 1391K, committed 1408K, reserved 1048576K
}

