# JRE version: Java(TM) SE Runtime Environment (8.0_111-b14) (build 1.8.0_111-b14)
# Java VM: Java HotSpot(TM) 64-Bit Server VM (25.111-b14 mixed mode linux-amd64 compressed oops)
Heap:
 PSYoungGen      total 24064K, used 99K [0x00000000d7000000, 0x00000000d8e00000, 0x0000000100000000)
  eden space 17408K, 0% used [0x00000000d7000000,0x00000000d7000d80,0x00000000d8100000)
  from space 6656K, 1% used [0x00000000d8100000,0x00000000d8118000,0x00000000d8780000)
  to   space 6656K, 0% used [0x00000000d8780000,0x00000000d8780000,0x00000000d8e00000)
 ParOldGen       total 40960K, used 40813K [0x0000000085000000, 0x0000000087800000, 0x00000000d7000000)
  object space 40960K, 99% used [0x0000000085000000,0x00000000877db470,0x0000000087800000)
 Metaspace       used 12538K, capacity 12722K, committed 12928K, reserved 1060864K
  class space    used 1304K, capacity 1358K, committed 1408K, reserved 1048576K
GC Heap History (10 events):
Event: 85.325 GC heap before
{Heap before GC invocations=271 (full 4):
 PSYoungGen      total 23552K, used 19882K [0x00000000d7000000, 0x00000000d8c80000, 0x0000000100000000)
  eden space 17920K, 95% used [0x00000000d7000000,0x00000000d80a77e0,0x00000000d8180000)
  from space 5632K, 50% used [0x00000000d8700000,0x00000000d89c3050,0x00000000d8c80000)
  to   space 5632K, 0% used [0x00000000d8180000,0x00000000d8180000,0x00000000d8700000)
 ParOldGen       total 34816K, used 33842K [0x0000000085000000, 0x0000000087200000, 0x00000000d7000000)
  object space 34816K, 97% used [0x0000000085000000,0x000000008710c9e8,0x0000000087200000)
 Metaspace       used 12538K, capacity 12722K, committed 12928K, reserved 1060864K
  class space    used 1304K, capacity 1358K, committed 1408K, reserved 1048576K
Event: 85.326 GC heap after
Heap after GC invocations=271 (full 4):
 PSYoungGen      total 23552K, used 3128K [0x00000000d7000000, 0x00000000d8c80000, 0x0000000100000000)
  eden space 17920K, 0% used [0x00000000d7000000,0x00000000d7000000,0x00000000d8180000)
  from space 5632K, 55% used [0x00000000d8180000,0x00000000d848e040,0x00000000d8700000)
  to   space 5632K, 0% used [0x00000000d8700000,0x00000000d8700000,0x00000000d8c80000)
 ParOldGen       total 34816K, used 33850K [0x0000000085000000, 0x0000000087200000, 0x00000000d7000000)
  object space 34816K, 97% used [0x0000000085000000,0x000000008710e9e8,0x0000000087200000)
 Metaspace       used 12538K, capacity 12722K, committed 12928K, reserved 1060864K
  class space    used 1304K, capacity 1358K, committed 1408K, reserved 1048576K
}
Event: 85.625 GC heap before
{Heap before GC invocations=272 (full 4):
 PSYoungGen      total 23552K, used 21048K [0x00000000d7000000, 0x00000000d8c80000, 0x0000000100000000)
  eden space 17920K, 100% used [0x00000000d7000000,0x00000000d8180000,0x00000000d8180000)
  from space 5632K, 55% used [0x00000000d8180000,0x00000000d848e040,0x00000000d8700000)
  to   space 5632K, 0% used [0x00000000d8700000,0x00000000d8700000,0x00000000d8c80000)
 ParOldGen       total 37376K, used 37153K [0x0000000085000000, 0x0000000087480000, 0x00000000d7000000)
  object space 37376K, 99% used [0x0000000085000000,0x00000000874486a0,0x0000000087480000)
 Metaspace       used 12538K, capacity 12722K, committed 12928K, reserved 1060864K
  class space    used 1304K, capacity 1358K, committed 1408K, reserved 1048576K
Event: 85.625 GC heap after
Heap after GC invocations=272 (full 4):
 PSYoungGen      total 23552K, used 96K [0x00000000d7000000, 0x00000000d8c80000, 0x0000000100000000)
  eden space 17920K, 0% used [0x00000000d7000000,0x00000000d7000000,0x00000000d8180000)
  from space 5632K, 1% used [0x00000000d8700000,0x00000000d8718000,0x00000000d8c80000)
  to   space 5632K, 0% used [0x00000000d8180000,0x00000000d8180000,0x00000000d8700000)
 ParOldGen       total 37376K, used 37169K [0x0000000085000000, 0x0000000087480000, 0x00000000d7000000)
  object space 37376K, 99% used [0x0000000085000000,0x000000008744c6a0,0x0000000087480000)
 Metaspace       used 12538K, capacity 12722K, committed 12928K, reserved 1060864K
  class space    used 1304K, capacity 1358K, committed 1408K, reserved 1048576K
}
Event: 85.862 GC heap before
{Heap before GC invocations=273 (full 4):
 PSYoungGen      total 23552K, used 17155K [0x00000000d7000000, 0x00000000d8c80000, 0x0000000100000000)
  eden space 17920K, 95% used [0x00000000d7000000,0x00000000d80a8f10,0x00000000d8180000)
  from space 5632K, 1% used [0x00000000d8700000,0x00000000d8718000,0x00000000d8c80000)
  to   space 5632K, 0% used [0x00000000d8180000,0x00000000d8180000,0x00000000d8700000)
 ParOldGen       total 37376K, used 37169K [0x0000000085000000, 0x0000000087480000, 0x00000000d7000000)
  object space 37376K, 99% used [0x0000000085000000,0x000000008744c6a0,0x0000000087480000)
 Metaspace       used 12538K, capacity 12722K, committed 12928K, reserved 1060864K
  class space    used 1304K, capacity 1358K, committed 1408K, reserved 1048576K
Event: 85.864 GC heap after
Heap after GC invocations=273 (full 4):
 PSYoungGen      total 23552K, used 4028K [0x00000000d7000000, 0x00000000d8d80000, 0x0000000100000000)
  eden space 17920K, 0% used [0x00000000d7000000,0x00000000d7000000,0x00000000d8180000)
  from space 5632K, 71% used [0x00000000d8180000,0x00000000d856f050,0x00000000d8700000)
  to   space 6144K, 0% used [0x00000000d8780000,0x00000000d8780000,0x00000000d8d80000)
 ParOldGen       total 37376K, used 37185K [0x0000000085000000, 0x0000000087480000, 0x00000000d7000000)
  object space 37376K, 99% used [0x0000000085000000,0x00000000874506a0,0x0000000087480000)
 Metaspace       used 12538K, capacity 12722K, committed 12928K, reserved 1060864K
  class space    used 1304K, capacity 1358K, committed 1408K, reserved 1048576K
}
Event: 86.094 GC heap before
{Heap before GC invocations=274 (full 4):
 PSYoungGen      total 23552K, used 21066K [0x00000000d7000000, 0x00000000d8d80000, 0x0000000100000000)
  eden space 17920K, 95% used [0x00000000d7000000,0x00000000d80a3b68,0x00000000d8180000)
  from space 5632K, 71% used [0x00000000d8180000,0x00000000d856f050,0x00000000d8700000)
  to   space 6144K, 0% used [0x00000000d8780000,0x00000000d8780000,0x00000000d8d80000)
 ParOldGen       total 38400K, used 38085K [0x0000000085000000, 0x0000000087580000, 0x00000000d7000000)
  object space 38400K, 99% used [0x0000000085000000,0x00000000875316b0,0x0000000087580000)
 Metaspace       used 12538K, capacity 12722K, committed 12928K, reserved 1060864K
  class space    used 1304K, capacity 1358K, committed 1408K, reserved 1048576K
Event: 86.096 GC heap after
Heap after GC invocations=274 (full 4):
 PSYoungGen      total 23552K, used 4028K [0x00000000d7000000, 0x00000000d8e80000, 0x0000000100000000)
  eden space 17408K, 0% used [0x00000000d7000000,0x00000000d7000000,0x00000000d8100000)
  from space 6144K, 65% used [0x00000000d8780000,0x00000000d8b6f050,0x00000000d8d80000)
  to   space 6656K, 0% used [0x00000000d8100000,0x00000000d8100000,0x00000000d8780000)
 ParOldGen       total 38400K, used 38101K [0x0000000085000000, 0x0000000087580000, 0x00000000d7000000)
  object space 38400K, 99% used [0x0000000085000000,0x00000000875356b0,0x0000000087580000)
 Metaspace       used 12538K, capacity 12722K, committed 12928K, reserved 1060864K
  class space    used 1304K, capacity 1358K, committed 1408K, reserved 1048576K
}
Event: 86.425 GC heap before
{Heap before GC invocations=275 (full 4):
 PSYoungGen      total 23552K, used 21436K [0x00000000d7000000, 0x00000000d8e80000, 0x0000000100000000)
  eden space 17408K, 100% used [0x00000000d7000000,0x00000000d8100000,0x00000000d8100000)
  from space 6144K, 65% used [0x00000000d8780000,0x00000000d8b6f050,0x00000000d8d80000)
  to   space 6656K, 0% used [0x00000000d8100000,0x00000000d8100000,0x00000000d8780000)
 ParOldGen       total 40960K, used 40805K [0x0000000085000000, 0x0000000087800000, 0x00000000d7000000)
  object space 40960K, 99% used [0x0000000085000000,0x00000000877d9470,0x0000000087800000)
 Metaspace       used 12538K, capacity 12722K, committed 12928K, reserved 1060864K
  class space    used 1304K, capacity 1358K, committed 1408K, reserved 1048576K
Event: 86.427 GC heap after
Heap after GC invocations=275 (full 4):
 PSYoungGen      total 24064K, used 96K [0x00000000d7000000, 0x00000000d8e00000, 0x0000000100000000)
  eden space 17408K, 0% used [0x00000000d7000000,0x00000000d7000000,0x00000000d8100000)
  from space 6656K, 1% used [0x00000000d8100000,0x00000000d8118000,0x00000000d8780000)
  to   space 6656K, 0% used [0x00000000d8780000,0x00000000d8780000,0x00000000d8e00000)
 ParOldGen       total 40960K, used 40813K [0x0000000085000000, 0x0000000087800000, 0x00000000d7000000)
  object space 40960K, 99% used [0x0000000085000000,0x00000000877db470,0x0000000087800000)
 Metaspace       used 12538K, capacity 12722K, committed 12928K, reserved 1060864K
  class space    used 1304K, capacity 1358K, committed 1408K, reserved 1048576K
}

