# JRE version: Java(TM) SE Runtime Environment (8.0_161-b12) (build 1.8.0_161-b12)
# Java VM: Java HotSpot(TM) 64-Bit Server VM (25.161-b12 mixed mode windows-amd64 compressed oops)
Heap:
 PSYoungGen      total 41984K, used 2757K [0x00000000d5b80000, 0x00000000d9000000, 0x0000000100000000)
  eden space 31232K, 8% used [0x00000000d5b80000,0x00000000d5df94b0,0x00000000d7a00000)
  from space 10752K, 2% used [0x00000000d8500000,0x00000000d8538000,0x00000000d8f80000)
  to   space 11264K, 0% used [0x00000000d7a00000,0x00000000d7a00000,0x00000000d8500000)
 ParOldGen       total 87552K, used 65821K [0x0000000081200000, 0x0000000086780000, 0x00000000d5b80000)
  object space 87552K, 75% used [0x0000000081200000,0x00000000852474b0,0x0000000086780000)
 Metaspace       used 10988K, capacity 11206K, committed 11392K, reserved 1058816K
  class space    used 1248K, capacity 1326K, committed 1408K, reserved 1048576K
GC Heap History (10 events):
Event: 4.714 GC heap before
{Heap before GC invocations=4 (full 0):
 PSYoungGen      total 38400K, used 38392K [0x00000000d5b80000, 0x00000000d8600000, 0x0000000100000000)
  eden space 33280K, 100% used [0x00000000d5b80000,0x00000000d7c00000,0x00000000d7c00000)
  from space 5120K, 99% used [0x00000000d7c00000,0x00000000d80fe1a8,0x00000000d8100000)
  to   space 5120K, 0% used [0x00000000d8100000,0x00000000d8100000,0x00000000d8600000)
 ParOldGen       total 87552K, used 26554K [0x0000000081200000, 0x0000000086780000, 0x00000000d5b80000)
  object space 87552K, 30% used [0x0000000081200000,0x0000000082beeba8,0x0000000086780000)
 Metaspace       used 10743K, capacity 10910K, committed 11136K, reserved 1058816K
  class space    used 1239K, capacity 1294K, committed 1408K, reserved 1048576K
Event: 4.720 GC heap after
Heap after GC invocations=4 (full 0):
 PSYoungGen      total 38400K, used 3044K [0x00000000d5b80000, 0x00000000d8600000, 0x0000000100000000)
  eden space 33280K, 0% used [0x00000000d5b80000,0x00000000d5b80000,0x00000000d7c00000)
  from space 5120K, 59% used [0x00000000d8100000,0x00000000d83f9178,0x00000000d8600000)
  to   space 5120K, 0% used [0x00000000d7c00000,0x00000000d7c00000,0x00000000d8100000)
 ParOldGen       total 87552K, used 26562K [0x0000000081200000, 0x0000000086780000, 0x00000000d5b80000)
  object space 87552K, 30% used [0x0000000081200000,0x0000000082bf0ba8,0x0000000086780000)
 Metaspace       used 10743K, capacity 10910K, committed 11136K, reserved 1058816K
  class space    used 1239K, capacity 1294K, committed 1408K, reserved 1048576K
}
Event: 5.638 GC heap before
{Heap before GC invocations=5 (full 0):
 PSYoungGen      total 38400K, used 36219K [0x00000000d5b80000, 0x00000000d8600000, 0x0000000100000000)
  eden space 33280K, 99% used [0x00000000d5b80000,0x00000000d7be5ab8,0x00000000d7c00000)
  from space 5120K, 59% used [0x00000000d8100000,0x00000000d83f9178,0x00000000d8600000)
  to   space 5120K, 0% used [0x00000000d7c00000,0x00000000d7c00000,0x00000000d8100000)
 ParOldGen       total 87552K, used 27462K [0x0000000081200000, 0x0000000086780000, 0x00000000d5b80000)
  object space 87552K, 31% used [0x0000000081200000,0x0000000082cd1bb8,0x0000000086780000)
 Metaspace       used 10856K, capacity 11070K, committed 11392K, reserved 1058816K
  class space    used 1248K, capacity 1326K, committed 1408K, reserved 1048576K
Event: 5.644 GC heap after
Heap after GC invocations=5 (full 0):
 PSYoungGen      total 37888K, used 5112K [0x00000000d5b80000, 0x00000000d9080000, 0x0000000100000000)
  eden space 32768K, 0% used [0x00000000d5b80000,0x00000000d5b80000,0x00000000d7b80000)
  from space 5120K, 99% used [0x00000000d7c00000,0x00000000d80fe1a8,0x00000000d8100000)
  to   space 10752K, 0% used [0x00000000d8600000,0x00000000d8600000,0x00000000d9080000)
 ParOldGen       total 87552K, used 27486K [0x0000000081200000, 0x0000000086780000, 0x00000000d5b80000)
  object space 87552K, 31% used [0x0000000081200000,0x0000000082cd7bb8,0x0000000086780000)
 Metaspace       used 10856K, capacity 11070K, committed 11392K, reserved 1058816K
  class space    used 1248K, capacity 1326K, committed 1408K, reserved 1048576K
}
Event: 6.567 GC heap before
{Heap before GC invocations=6 (full 0):
 PSYoungGen      total 37888K, used 37880K [0x00000000d5b80000, 0x00000000d9080000, 0x0000000100000000)
  eden space 32768K, 100% used [0x00000000d5b80000,0x00000000d7b80000,0x00000000d7b80000)
  from space 5120K, 99% used [0x00000000d7c00000,0x00000000d80fe1a8,0x00000000d8100000)
  to   space 10752K, 0% used [0x00000000d8600000,0x00000000d8600000,0x00000000d9080000)
 ParOldGen       total 87552K, used 29289K [0x0000000081200000, 0x0000000086780000, 0x00000000d5b80000)
  object space 87552K, 33% used [0x0000000081200000,0x0000000082e9a460,0x0000000086780000)
 Metaspace       used 10889K, capacity 11078K, committed 11392K, reserved 1058816K
  class space    used 1248K, capacity 1326K, committed 1408K, reserved 1048576K
Event: 6.571 GC heap after
Heap after GC invocations=6 (full 0):
 PSYoungGen      total 41472K, used 5993K [0x00000000d5b80000, 0x00000000d8f00000, 0x0000000100000000)
  eden space 32256K, 0% used [0x00000000d5b80000,0x00000000d5b80000,0x00000000d7b00000)
  from space 9216K, 65% used [0x00000000d8600000,0x00000000d8bda468,0x00000000d8f00000)
  to   space 10240K, 0% used [0x00000000d7b00000,0x00000000d7b00000,0x00000000d8500000)
 ParOldGen       total 87552K, used 29297K [0x0000000081200000, 0x0000000086780000, 0x00000000d5b80000)
  object space 87552K, 33% used [0x0000000081200000,0x0000000082e9c460,0x0000000086780000)
 Metaspace       used 10889K, capacity 11078K, committed 11392K, reserved 1058816K
  class space    used 1248K, capacity 1326K, committed 1408K, reserved 1048576K
}
Event: 7.605 GC heap before
{Heap before GC invocations=7 (full 0):
 PSYoungGen      total 41472K, used 38211K [0x00000000d5b80000, 0x00000000d8f00000, 0x0000000100000000)
  eden space 32256K, 99% used [0x00000000d5b80000,0x00000000d7af68d8,0x00000000d7b00000)
  from space 9216K, 65% used [0x00000000d8600000,0x00000000d8bda468,0x00000000d8f00000)
  to   space 10240K, 0% used [0x00000000d7b00000,0x00000000d7b00000,0x00000000d8500000)
 ParOldGen       total 87552K, used 52169K [0x0000000081200000, 0x0000000086780000, 0x00000000d5b80000)
  object space 87552K, 59% used [0x0000000081200000,0x00000000844f2720,0x0000000086780000)
 Metaspace       used 10973K, capacity 11206K, committed 11392K, reserved 1058816K
  class space    used 1248K, capacity 1326K, committed 1408K, reserved 1048576K
Event: 7.612 GC heap after
Heap after GC invocations=7 (full 0):
 PSYoungGen      total 41984K, used 1456K [0x00000000d5b80000, 0x00000000d8f80000, 0x0000000100000000)
  eden space 31744K, 0% used [0x00000000d5b80000,0x00000000d5b80000,0x00000000d7a80000)
  from space 10240K, 14% used [0x00000000d7b00000,0x00000000d7c6c020,0x00000000d8500000)
  to   space 10752K, 0% used [0x00000000d8500000,0x00000000d8500000,0x00000000d8f80000)
 ParOldGen       total 87552K, used 57694K [0x0000000081200000, 0x0000000086780000, 0x00000000d5b80000)
  object space 87552K, 65% used [0x0000000081200000,0x0000000084a57bc8,0x0000000086780000)
 Metaspace       used 10973K, capacity 11206K, committed 11392K, reserved 1058816K
  class space    used 1248K, capacity 1326K, committed 1408K, reserved 1048576K
}
Event: 8.620 GC heap before
{Heap before GC invocations=8 (full 0):
 PSYoungGen      total 41984K, used 33200K [0x00000000d5b80000, 0x00000000d8f80000, 0x0000000100000000)
  eden space 31744K, 100% used [0x00000000d5b80000,0x00000000d7a80000,0x00000000d7a80000)
  from space 10240K, 14% used [0x00000000d7b00000,0x00000000d7c6c020,0x00000000d8500000)
  to   space 10752K, 0% used [0x00000000d8500000,0x00000000d8500000,0x00000000d8f80000)
 ParOldGen       total 87552K, used 65797K [0x0000000081200000, 0x0000000086780000, 0x00000000d5b80000)
  object space 87552K, 75% used [0x0000000081200000,0x00000000852414b0,0x0000000086780000)
 Metaspace       used 10987K, capacity 11206K, committed 11392K, reserved 1058816K
  class space    used 1248K, capacity 1326K, committed 1408K, reserved 1048576K
Event: 8.621 GC heap after
Heap after GC invocations=8 (full 0):
 PSYoungGen      total 41984K, used 224K [0x00000000d5b80000, 0x00000000d9000000, 0x0000000100000000)
  eden space 31232K, 0% used [0x00000000d5b80000,0x00000000d5b80000,0x00000000d7a00000)
  from space 10752K, 2% used [0x00000000d8500000,0x00000000d8538000,0x00000000d8f80000)
  to   space 11264K, 0% used [0x00000000d7a00000,0x00000000d7a00000,0x00000000d8500000)
 ParOldGen       total 87552K, used 65821K [0x0000000081200000, 0x0000000086780000, 0x00000000d5b80000)
  object space 87552K, 75% used [0x0000000081200000,0x00000000852474b0,0x0000000086780000)
 Metaspace       used 10987K, capacity 11206K, committed 11392K, reserved 1058816K
  class space    used 1248K, capacity 1326K, committed 1408K, reserved 1048576K
}

